  main.cpp
C:\Users\bilmo\source\repos\11-Data Structure\11-Data Structure\clsString.h(43,25): warning C4267: 'return': conversion from 'size_t' to 'short', possible loss of data
  (compiling source file 'main.cpp')
  
C:\Users\bilmo\source\repos\11-Data Structure\11-Data Structure\clsString.h(48,29): warning C4267: 'return': conversion from 'size_t' to 'short', possible loss of data
  (compiling source file 'main.cpp')
  
C:\Users\bilmo\source\repos\11-Data Structure\11-Data Structure\clsString.h(60,30): warning C4267: '=': conversion from 'size_t' to 'short', possible loss of data
  (compiling source file 'main.cpp')
  
C:\Users\bilmo\source\repos\11-Data Structure\11-Data Structure\clsString.h(197,29): warning C4267: 'return': conversion from 'size_t' to 'short', possible loss of data
  (compiling source file 'main.cpp')
  
C:\Users\bilmo\source\repos\11-Data Structure\11-Data Structure\clsString.h(328,30): warning C4267: '=': conversion from 'size_t' to 'short', possible loss of data
  (compiling source file 'main.cpp')
  
C:\Users\bilmo\source\repos\11-Data Structure\11-Data Structure\clsString.h(376,22): warning C4267: 'initializing': conversion from 'size_t' to 'short', possible loss of data
  (compiling source file 'main.cpp')
  
C:\Users\bilmo\source\repos\11-Data Structure\11-Data Structure\clsQueueLine.h(108,30): warning C4267: 'return': conversion from 'size_t' to 'int', possible loss of data
  (compiling source file 'main.cpp')
  
  Generating code
  6 of 281 functions ( 2.1%) were compiled, the rest were copied from previous compilation.
    0 functions were new in current compilation
    21 functions had inline decision re-evaluated but remain unchanged
  Finished generating code
  11-Data Structure.vcxproj -> C:\Users\bilmo\source\repos\11-Data Structure\x64\Release\13-Alg and Problem Solving level 5.exe
